<?xml version="1.0" encoding="UTF-8"?>
<!-- Generated by org.testng.reporters.JUnitXMLReporter -->
<testsuite ignored="0" hostname="TYSS-Chaithra" failures="0" tests="2" name="Test-runner-edge" time="12.238" errors="0" timestamp="2025-06-13T07:27:11 IST">
  <testcase classname="inventoryTests.AddProductToCartTest" name="sample" time="0.011"/>
  <testcase classname="inventoryTests.AddProductToCartTest" name="tc_001_AddproductToCartTest" time="2.513"/>
</testsuite> <!-- Test-runner-edge -->
