<?xml version="1.0" encoding="UTF-8"?>
<!-- Generated by org.testng.reporters.JUnitXMLReporter -->
<testsuite ignored="0" hostname="TYSS-Chaithra" failures="0" tests="2" name="Test-Runner-2" time="10.325" errors="0" timestamp="2025-06-12T08:43:31 IST">
  <testcase classname="inventoryTests.AddProductToCartTest" name="sample" time="0.007"/>
  <testcase classname="inventoryTests.AddProductToCartTest" name="tc_001_AddproductToCartTest" time="2.084"/>
</testsuite> <!-- Test-Runner-2 -->
