<?xml version="1.0" encoding="UTF-8"?>
<!-- Generated by org.testng.reporters.JUnitReportReporter -->
<testsuite hostname="TYSS-Chaithra" failures="0" tests="3" name="practice.DataProviderPractice" time="0.006" errors="0" timestamp="2025-06-09T08:45:40 IST" skipped="0">
  <testcase classname="practice.DataProviderPractice" name="createCustomer" time="0.001"/>
  <system-out/>
  <testcase classname="practice.DataProviderPractice" name="createCustomer" time="0.004"/>
  <system-out/>
  <testcase classname="practice.DataProviderPractice" name="createCustomer" time="0.001"/>
  <system-out/>
</testsuite> <!-- practice.DataProviderPractice -->
