<?xml version="1.0" encoding="UTF-8"?>
<!-- Generated by org.testng.reporters.JUnitReportReporter -->
<testsuite hostname="TYSS-Chaithra" failures="0" tests="1" name="inventoryTests.AddLowestPriceProductToCartTest" time="2.555" errors="0" timestamp="2025-06-16T08:30:30 IST" skipped="0">
  <testcase classname="inventoryTests.AddLowestPriceProductToCartTest" name="tc_002_AddLowestPriceProductToCartTest" time="2.555"/>
  <system-out/>
</testsuite> <!-- inventoryTests.AddLowestPriceProductToCartTest -->
