<?xml version="1.0" encoding="UTF-8"?>
<!-- Generated by org.testng.reporters.JUnitReportReporter -->
<testsuite hostname="TYSS-Chaithra" failures="0" tests="1" name="practice.AsserrtionsPractice" time="0.011" errors="0" timestamp="2025-06-11T07:47:47 IST" skipped="0">
  <testcase classname="practice.AsserrtionsPractice" name="sampleSoft" time="0.011"/>
  <system-out/>
</testsuite> <!-- practice.AsserrtionsPractice -->
